<?xml version="1.0" encoding="UTF-8"?>
<testng-results skipped="0" failed="0" ignored="0" total="1" passed="1">
  <reporter-output>
  </reporter-output>
  <suite name="Suite" duration-ms="45000" started-at="2019-09-03T12:34:10Z" finished-at="2019-09-03T12:34:55Z">
    <groups>
    </groups>
    <test name="Test" duration-ms="45000" started-at="2019-09-03T12:34:10Z" finished-at="2019-09-03T12:34:55Z">
      <class name="com.Parameterization_in_TestNG_Using_XML.Demo_Parameterization_ByUsing_XML">
        <test-method status="PASS" signature="beforeTest()[pri:0, instance:com.Parameterization_in_TestNG_Using_XML.Demo_Parameterization_ByUsing_XML@475530b9]" name="beforeTest" is-config="true" duration-ms="28985" started-at="2019-09-03T12:34:10Z" finished-at="2019-09-03T12:34:39Z">
          <reporter-output>
          </reporter-output>
        </test-method> <!-- beforeTest -->
        <test-method status="PASS" signature="Test3(java.lang.String, java.lang.String)[pri:0, instance:com.Parameterization_in_TestNG_Using_XML.Demo_Parameterization_ByUsing_XML@475530b9]" name="Test3" duration-ms="14098" started-at="2019-09-03T12:34:39Z" finished-at="2019-09-03T12:34:54Z">
          <params>
            <param index="0">
              <value>
                <![CDATA[deshan]]>
              </value>
            </param>
            <param index="1">
              <value>
                <![CDATA[deshan@123]]>
              </value>
            </param>
          </params>
          <reporter-output>
          </reporter-output>
        </test-method> <!-- Test3 -->
        <test-method status="PASS" signature="afterTest()[pri:0, instance:com.Parameterization_in_TestNG_Using_XML.Demo_Parameterization_ByUsing_XML@475530b9]" name="afterTest" is-config="true" duration-ms="1468" started-at="2019-09-03T12:34:54Z" finished-at="2019-09-03T12:34:55Z">
          <reporter-output>
          </reporter-output>
        </test-method> <!-- afterTest -->
      </class> <!-- com.Parameterization_in_TestNG_Using_XML.Demo_Parameterization_ByUsing_XML -->
    </test> <!-- Test -->
  </suite> <!-- Suite -->
</testng-results>
